
*** Running vivado
    with args -log XADC_Filtre.vds -m64 -product Vivado -mode batch -messageDb vivado.pb -notrace -source XADC_Filtre.tcl



****** Vivado v2025.1 (64-bit)
  **** SW Build 6140274 on Thu May 22 00:12:29 MDT 2025
  **** IP Build 6138677 on Thu May 22 03:10:11 MDT 2025
  **** SharedData Build 6139179 on Tue May 20 17:58:58 MDT 2025
  **** Start of session at: Thu Jan 15 11:33:18 2026
    ** Copyright 1986-2022 Xilinx, Inc. All Rights Reserved.
    ** Copyright 2022-2025 Advanced Micro Devices, Inc. All Rights Reserved.

source XADC_Filtre.tcl -notrace
Command: read_checkpoint -auto_incremental -incremental D:/XADC_Filtre_certo/XADC_Filtre.srcs/utils_1/imports/synth_1/main_project.dcp
INFO: [Vivado 12-5825] Read reference checkpoint from D:/XADC_Filtre_certo/XADC_Filtre.srcs/utils_1/imports/synth_1/main_project.dcp for incremental synthesis
INFO: [Vivado 12-7989] Please ensure there are no constraint changes
Command: synth_design -top XADC_Filtre -part xc7a100tcsg324-3
Starting synth_design
Attempting to get a license for feature 'Synthesis' and/or device 'xc7a100t'
INFO: [Common 17-349] Got license for feature 'Synthesis' and/or device 'xc7a100t'
INFO: [Device 21-403] Loading part xc7a100tcsg324-3
INFO: [Designutils 20-5440] No compile time benefit to using incremental synthesis; A full resynthesis will be run
INFO: [Designutils 20-4379] Flow is switching to default flow due to incremental criteria not met. If you would like to alter this behaviour and have the flow terminate instead, please set the following parameter config_implementation {autoIncr.Synth.RejectBehavior Terminate}
INFO: [Synth 8-7079] Multithreading enabled for synth_design using a maximum of 2 processes.
INFO: [Synth 8-7078] Launching helper process for spawning children vivado processes
INFO: [Synth 8-7075] Helper process launched with PID 628
---------------------------------------------------------------------------------
Starting RTL Elaboration : Time (s): cpu = 00:00:04 ; elapsed = 00:00:03 . Memory (MB): peak = 1205.742 ; gain = 495.941
---------------------------------------------------------------------------------
INFO: [Synth 8-638] synthesizing module 'XADC_Filtre' [D:/XADC_Filtre_certo/XADC_Filtre.srcs/sources_1/new/XADC_Filtre.vhd:22]
INFO: [Synth 8-3491] module 'xadc_wiz_0' declared at 'D:/XADC_Filtre_certo/XADC_Filtre.runs/synth_1/.Xil/Vivado-12852-n7-b301-10/realtime/xadc_wiz_0_stub.vhdl:6' bound to instance 'xadc_wiz_01' of component 'xadc_wiz_0' [D:/XADC_Filtre_certo/XADC_Filtre.srcs/sources_1/new/XADC_Filtre.vhd:187]
INFO: [Synth 8-638] synthesizing module 'xadc_wiz_0' [D:/XADC_Filtre_certo/XADC_Filtre.runs/synth_1/.Xil/Vivado-12852-n7-b301-10/realtime/xadc_wiz_0_stub.vhdl:32]
INFO: [Synth 8-3491] module 'tempo_diviser' declared at 'D:/XADC_Filtre_certo/XADC_Filtre.srcs/sources_1/new/tempo.vhd:5' bound to instance 'temp1' of component 'tempo_diviser' [D:/XADC_Filtre_certo/XADC_Filtre.srcs/sources_1/new/XADC_Filtre.vhd:209]
INFO: [Synth 8-638] synthesizing module 'tempo_diviser' [D:/XADC_Filtre_certo/XADC_Filtre.srcs/sources_1/new/tempo.vhd:12]
INFO: [Synth 8-256] done synthesizing module 'tempo_diviser' (0#1) [D:/XADC_Filtre_certo/XADC_Filtre.srcs/sources_1/new/tempo.vhd:12]
INFO: [Synth 8-3491] module 'filtre_component' declared at 'D:/XADC_Filtre_certo/XADC_Filtre.srcs/sources_1/new/filtre.vhd:5' bound to instance 'filter1' of component 'filtre_component' [D:/XADC_Filtre_certo/XADC_Filtre.srcs/sources_1/new/XADC_Filtre.vhd:216]
INFO: [Synth 8-638] synthesizing module 'filtre_component' [D:/XADC_Filtre_certo/XADC_Filtre.srcs/sources_1/new/filtre.vhd:15]
INFO: [Synth 8-256] done synthesizing module 'filtre_component' (0#1) [D:/XADC_Filtre_certo/XADC_Filtre.srcs/sources_1/new/filtre.vhd:15]
INFO: [Synth 8-3491] module 'Derivateur' declared at 'D:/XADC_Filtre_certo/XADC_Filtre.srcs/sources_1/new/Derivateur.vhd:5' bound to instance 'derivateur1' of component 'Derivateur' [D:/XADC_Filtre_certo/XADC_Filtre.srcs/sources_1/new/XADC_Filtre.vhd:225]
INFO: [Synth 8-638] synthesizing module 'Derivateur' [D:/XADC_Filtre_certo/XADC_Filtre.srcs/sources_1/new/Derivateur.vhd:13]
INFO: [Synth 8-256] done synthesizing module 'Derivateur' (0#1) [D:/XADC_Filtre_certo/XADC_Filtre.srcs/sources_1/new/Derivateur.vhd:13]
INFO: [Synth 8-3491] module 'Threshold' declared at 'D:/XADC_Filtre_certo/XADC_Filtre.srcs/sources_1/new/Threshold.vhd:5' bound to instance 'Threshold1' of component 'Threshold' [D:/XADC_Filtre_certo/XADC_Filtre.srcs/sources_1/new/XADC_Filtre.vhd:233]
INFO: [Synth 8-638] synthesizing module 'Threshold' [D:/XADC_Filtre_certo/XADC_Filtre.srcs/sources_1/new/Threshold.vhd:13]
INFO: [Synth 8-256] done synthesizing module 'Threshold' (0#1) [D:/XADC_Filtre_certo/XADC_Filtre.srcs/sources_1/new/Threshold.vhd:13]
INFO: [Synth 8-3491] module 'frequencymeter' declared at 'D:/XADC_Filtre_certo/XADC_Filtre.srcs/sources_1/new/frequencymeter.vhd:6' bound to instance 'Frequ' of component 'frequencymeter' [D:/XADC_Filtre_certo/XADC_Filtre.srcs/sources_1/new/XADC_Filtre.vhd:241]
INFO: [Synth 8-638] synthesizing module 'frequencymeter' [D:/XADC_Filtre_certo/XADC_Filtre.srcs/sources_1/new/frequencymeter.vhd:18]
INFO: [Synth 8-3491] module 'counter_periode' declared at 'D:/XADC_Filtre_certo/XADC_Filtre.srcs/sources_1/new/counter_periode.vhd:5' bound to instance 'counter_periode1' of component 'counter_periode' [D:/XADC_Filtre_certo/XADC_Filtre.srcs/sources_1/new/frequencymeter.vhd:47]
INFO: [Synth 8-638] synthesizing module 'counter_periode' [D:/XADC_Filtre_certo/XADC_Filtre.srcs/sources_1/new/counter_periode.vhd:15]
WARNING: [Synth 8-614] signal 'entree' is read in the process but is not in the sensitivity list [D:/XADC_Filtre_certo/XADC_Filtre.srcs/sources_1/new/counter_periode.vhd:28]
WARNING: [Synth 8-614] signal 'etat_present' is read in the process but is not in the sensitivity list [D:/XADC_Filtre_certo/XADC_Filtre.srcs/sources_1/new/counter_periode.vhd:69]
WARNING: [Synth 8-614] signal 'sauv_counter' is read in the process but is not in the sensitivity list [D:/XADC_Filtre_certo/XADC_Filtre.srcs/sources_1/new/counter_periode.vhd:69]
WARNING: [Synth 8-614] signal 'counter' is read in the process but is not in the sensitivity list [D:/XADC_Filtre_certo/XADC_Filtre.srcs/sources_1/new/counter_periode.vhd:69]
INFO: [Synth 8-256] done synthesizing module 'counter_periode' (0#1) [D:/XADC_Filtre_certo/XADC_Filtre.srcs/sources_1/new/counter_periode.vhd:15]
INFO: [Synth 8-3491] module 'diviseur' declared at 'D:/XADC_Filtre_certo/XADC_Filtre.srcs/sources_1/new/diviseur.vhd:111' bound to instance 'diviseur1' of component 'diviseur' [D:/XADC_Filtre_certo/XADC_Filtre.srcs/sources_1/new/frequencymeter.vhd:54]
INFO: [Synth 8-638] synthesizing module 'diviseur' [D:/XADC_Filtre_certo/XADC_Filtre.srcs/sources_1/new/diviseur.vhd:122]
INFO: [Synth 8-256] done synthesizing module 'diviseur' (0#1) [D:/XADC_Filtre_certo/XADC_Filtre.srcs/sources_1/new/diviseur.vhd:122]
INFO: [Synth 8-256] done synthesizing module 'frequencymeter' (0#1) [D:/XADC_Filtre_certo/XADC_Filtre.srcs/sources_1/new/frequencymeter.vhd:18]
INFO: [Synth 8-3491] module 'bin_to_bcd6' declared at 'D:/XADC_Filtre_certo/XADC_Filtre.srcs/sources_1/new/bin_to_bcd6.vhd:5' bound to instance 'bcd_inst' of component 'bin_to_bcd6' [D:/XADC_Filtre_certo/XADC_Filtre.srcs/sources_1/new/XADC_Filtre.vhd:263]
INFO: [Synth 8-638] synthesizing module 'bin_to_bcd6' [D:/XADC_Filtre_certo/XADC_Filtre.srcs/sources_1/new/bin_to_bcd6.vhd:20]
INFO: [Synth 8-256] done synthesizing module 'bin_to_bcd6' (0#1) [D:/XADC_Filtre_certo/XADC_Filtre.srcs/sources_1/new/bin_to_bcd6.vhd:20]
INFO: [Synth 8-3491] module 'module_daffichage' declared at 'D:/XADC_Filtre_certo/XADC_Filtre.srcs/sources_1/new/module_daffichage.vhd:52' bound to instance 'display_inst' of component 'module_daffichage' [D:/XADC_Filtre_certo/XADC_Filtre.srcs/sources_1/new/XADC_Filtre.vhd:282]
INFO: [Synth 8-638] synthesizing module 'module_daffichage' [D:/XADC_Filtre_certo/XADC_Filtre.srcs/sources_1/new/module_daffichage.vhd:75]
INFO: [Synth 8-3491] module 'decodeur' declared at 'D:/XADC_Filtre_certo/XADC_Filtre.srcs/sources_1/new/decodeur.vhd:34' bound to instance 'dec' of component 'decodeur' [D:/XADC_Filtre_certo/XADC_Filtre.srcs/sources_1/new/module_daffichage.vhd:132]
INFO: [Synth 8-638] synthesizing module 'decodeur' [D:/XADC_Filtre_certo/XADC_Filtre.srcs/sources_1/new/decodeur.vhd:43]
INFO: [Synth 8-226] default block is never used [D:/XADC_Filtre_certo/XADC_Filtre.srcs/sources_1/new/decodeur.vhd:53]
INFO: [Synth 8-256] done synthesizing module 'decodeur' (0#1) [D:/XADC_Filtre_certo/XADC_Filtre.srcs/sources_1/new/decodeur.vhd:43]
INFO: [Synth 8-3491] module 'aiguilleur_de_donnees' declared at 'D:/XADC_Filtre_certo/XADC_Filtre.srcs/sources_1/new/aiguilleur_de_donnes.vhd:35' bound to instance 'mux' of component 'aiguilleur_de_donnees' [D:/XADC_Filtre_certo/XADC_Filtre.srcs/sources_1/new/module_daffichage.vhd:139]
INFO: [Synth 8-638] synthesizing module 'aiguilleur_de_donnees' [D:/XADC_Filtre_certo/XADC_Filtre.srcs/sources_1/new/aiguilleur_de_donnes.vhd:61]
INFO: [Synth 8-256] done synthesizing module 'aiguilleur_de_donnees' (0#1) [D:/XADC_Filtre_certo/XADC_Filtre.srcs/sources_1/new/aiguilleur_de_donnes.vhd:61]
INFO: [Synth 8-3491] module 'generateur_a' declared at 'D:/XADC_Filtre_certo/XADC_Filtre.srcs/sources_1/new/generateur_a.vhd:34' bound to instance 'gen_an' of component 'generateur_a' [D:/XADC_Filtre_certo/XADC_Filtre.srcs/sources_1/new/module_daffichage.vhd:157]
INFO: [Synth 8-638] synthesizing module 'generateur_a' [D:/XADC_Filtre_certo/XADC_Filtre.srcs/sources_1/new/generateur_a.vhd:43]
INFO: [Synth 8-3491] module 'tempo3' declared at 'D:/XADC_Filtre_certo/XADC_Filtre.srcs/sources_1/new/tempo3.vhd:34' bound to instance 'reg1' of component 'tempo3' [D:/XADC_Filtre_certo/XADC_Filtre.srcs/sources_1/new/generateur_a.vhd:68]
INFO: [Synth 8-638] synthesizing module 'tempo3' [D:/XADC_Filtre_certo/XADC_Filtre.srcs/sources_1/new/tempo3.vhd:45]
INFO: [Synth 8-256] done synthesizing module 'tempo3' (0#1) [D:/XADC_Filtre_certo/XADC_Filtre.srcs/sources_1/new/tempo3.vhd:45]
INFO: [Synth 8-3491] module 'compteur_an' declared at 'D:/XADC_Filtre_certo/XADC_Filtre.srcs/sources_1/new/compteur_an.vhd:34' bound to instance 'reg2' of component 'compteur_an' [D:/XADC_Filtre_certo/XADC_Filtre.srcs/sources_1/new/generateur_a.vhd:74]
INFO: [Synth 8-638] synthesizing module 'compteur_an' [D:/XADC_Filtre_certo/XADC_Filtre.srcs/sources_1/new/compteur_an.vhd:46]
INFO: [Synth 8-256] done synthesizing module 'compteur_an' (0#1) [D:/XADC_Filtre_certo/XADC_Filtre.srcs/sources_1/new/compteur_an.vhd:46]
INFO: [Synth 8-256] done synthesizing module 'generateur_a' (0#1) [D:/XADC_Filtre_certo/XADC_Filtre.srcs/sources_1/new/generateur_a.vhd:43]
INFO: [Synth 8-256] done synthesizing module 'module_daffichage' (0#1) [D:/XADC_Filtre_certo/XADC_Filtre.srcs/sources_1/new/module_daffichage.vhd:75]
INFO: [Synth 8-256] done synthesizing module 'XADC_Filtre' (0#1) [D:/XADC_Filtre_certo/XADC_Filtre.srcs/sources_1/new/XADC_Filtre.vhd:22]
WARNING: [Synth 8-3848] Net millions in module/entity XADC_Filtre does not have driver. [D:/XADC_Filtre_certo/XADC_Filtre.srcs/sources_1/new/XADC_Filtre.vhd:172]
WARNING: [Synth 8-3848] Net diz_millions in module/entity XADC_Filtre does not have driver. [D:/XADC_Filtre_certo/XADC_Filtre.srcs/sources_1/new/XADC_Filtre.vhd:173]
WARNING: [Synth 8-7129] Port rst in module decodeur is either unconnected or has no load
WARNING: [Synth 8-7129] Port temp in module counter_periode is either unconnected or has no load
WARNING: [Synth 8-7129] Port x_entre[11] in module Threshold is either unconnected or has no load
WARNING: [Synth 8-7129] Port x_entre[10] in module Threshold is either unconnected or has no load
WARNING: [Synth 8-7129] Port x_entre[9] in module Threshold is either unconnected or has no load
WARNING: [Synth 8-7129] Port x_entre[8] in module Threshold is either unconnected or has no load
WARNING: [Synth 8-7129] Port x_entre[7] in module Threshold is either unconnected or has no load
WARNING: [Synth 8-7129] Port x_entre[6] in module Threshold is either unconnected or has no load
WARNING: [Synth 8-7129] Port x_entre[5] in module Threshold is either unconnected or has no load
WARNING: [Synth 8-7129] Port x_entre[4] in module Threshold is either unconnected or has no load
WARNING: [Synth 8-7129] Port x_entre[3] in module Threshold is either unconnected or has no load
WARNING: [Synth 8-7129] Port x_entre[2] in module Threshold is either unconnected or has no load
WARNING: [Synth 8-7129] Port x_entre[1] in module Threshold is either unconnected or has no load
WARNING: [Synth 8-7129] Port x_entre[0] in module Threshold is either unconnected or has no load
---------------------------------------------------------------------------------
Finished RTL Elaboration : Time (s): cpu = 00:00:05 ; elapsed = 00:00:04 . Memory (MB): peak = 1315.074 ; gain = 605.273
---------------------------------------------------------------------------------
---------------------------------------------------------------------------------
Start Handling Custom Attributes
---------------------------------------------------------------------------------
---------------------------------------------------------------------------------
Finished Handling Custom Attributes : Time (s): cpu = 00:00:05 ; elapsed = 00:00:04 . Memory (MB): peak = 1315.074 ; gain = 605.273
---------------------------------------------------------------------------------
---------------------------------------------------------------------------------
Finished RTL Optimization Phase 1 : Time (s): cpu = 00:00:05 ; elapsed = 00:00:04 . Memory (MB): peak = 1315.074 ; gain = 605.273
---------------------------------------------------------------------------------
Netlist sorting complete. Time (s): cpu = 00:00:00 ; elapsed = 00:00:00.009 . Memory (MB): peak = 1315.074 ; gain = 0.000
INFO: [Project 1-570] Preparing netlist for logic optimization

Processing XDC Constraints
Initializing timing engine
Parsing XDC File [d:/XADC_Filtre_certo/XADC_Filtre.gen/sources_1/ip/xadc_wiz_0/xadc_wiz_0/xadc_wiz_0_in_context.xdc] for cell 'xadc_wiz_01'
Finished Parsing XDC File [d:/XADC_Filtre_certo/XADC_Filtre.gen/sources_1/ip/xadc_wiz_0/xadc_wiz_0/xadc_wiz_0_in_context.xdc] for cell 'xadc_wiz_01'
Parsing XDC File [D:/XADC_Filtre_certo/XADC_Filtre.srcs/constrs_1/new/const.xdc]
Finished Parsing XDC File [D:/XADC_Filtre_certo/XADC_Filtre.srcs/constrs_1/new/const.xdc]
INFO: [Project 1-236] Implementation specific constraints were found while reading constraint file [D:/XADC_Filtre_certo/XADC_Filtre.srcs/constrs_1/new/const.xdc]. These constraints will be ignored for synthesis but will be used in implementation. Impacted constraints are listed in the file [.Xil/XADC_Filtre_propImpl.xdc].
Resolution: To avoid this warning, move constraints listed in [.Xil/XADC_Filtre_propImpl.xdc] to another XDC file and exclude this new file from synthesis with the used_in_synthesis property (File Properties dialog in GUI) and re-run elaboration/synthesis.
Parsing XDC File [D:/XADC_Filtre_certo/XADC_Filtre.runs/synth_1/dont_touch.xdc]
Finished Parsing XDC File [D:/XADC_Filtre_certo/XADC_Filtre.runs/synth_1/dont_touch.xdc]
Completed Processing XDC Constraints

Netlist sorting complete. Time (s): cpu = 00:00:00 ; elapsed = 00:00:00 . Memory (MB): peak = 1374.699 ; gain = 0.000
INFO: [Project 1-111] Unisim Transformation Summary:
No Unisim elements were transformed.

Constraint Validation Runtime : Time (s): cpu = 00:00:00 ; elapsed = 00:00:00.002 . Memory (MB): peak = 1374.699 ; gain = 0.000
INFO: [Designutils 20-5440] No compile time benefit to using incremental synthesis; A full resynthesis will be run
INFO: [Designutils 20-4379] Flow is switching to default flow due to incremental criteria not met. If you would like to alter this behaviour and have the flow terminate instead, please set the following parameter config_implementation {autoIncr.Synth.RejectBehavior Terminate}
---------------------------------------------------------------------------------
Finished Constraint Validation : Time (s): cpu = 00:00:10 ; elapsed = 00:00:09 . Memory (MB): peak = 1374.699 ; gain = 664.898
---------------------------------------------------------------------------------
---------------------------------------------------------------------------------
Start Loading Part and Timing Information
---------------------------------------------------------------------------------
Loading part: xc7a100tcsg324-3
---------------------------------------------------------------------------------
Finished Loading Part and Timing Information : Time (s): cpu = 00:00:10 ; elapsed = 00:00:09 . Memory (MB): peak = 1374.699 ; gain = 664.898
---------------------------------------------------------------------------------
---------------------------------------------------------------------------------
Start Applying 'set_property' XDC Constraints
---------------------------------------------------------------------------------
---------------------------------------------------------------------------------
Finished applying 'set_property' XDC Constraints : Time (s): cpu = 00:00:10 ; elapsed = 00:00:09 . Memory (MB): peak = 1374.699 ; gain = 664.898
---------------------------------------------------------------------------------
INFO: [Synth 8-802] inferred FSM for state register 'etat_present_reg' in module 'counter_periode'
INFO: [Synth 8-802] inferred FSM for state register 'etat_present_reg' in module 'diviseur'
INFO: [Synth 8-802] inferred FSM for state register 'state_reg' in module 'bin_to_bcd6'
WARNING: [Synth 8-327] inferring latch for variable 'sortie_reg' [D:/XADC_Filtre_certo/XADC_Filtre.srcs/sources_1/new/counter_periode.vhd:74]
---------------------------------------------------------------------------------------------------
                   State |                     New Encoding |                Previous Encoding 
---------------------------------------------------------------------------------------------------
                    init |                               00 |                               00
                    down |                               01 |                               10
                      up |                               10 |                               01
                  attend |                               11 |                               11
---------------------------------------------------------------------------------------------------
INFO: [Synth 8-3354] encoded FSM with state register 'etat_present_reg' using encoding 'sequential' in module 'counter_periode'
WARNING: [Synth 8-327] inferring latch for variable 'sauv_counter_reg' [D:/XADC_Filtre_certo/XADC_Filtre.srcs/sources_1/new/counter_periode.vhd:77]
---------------------------------------------------------------------------------------------------
                   State |                     New Encoding |                Previous Encoding 
---------------------------------------------------------------------------------------------------
                    init |                              000 |                              000
                    load |                              001 |                              001
                    comp |                              010 |                              010
                     neg |                              011 |                              011
                     pos |                              100 |                              100
                  check1 |                              101 |                              101
                  check2 |                              110 |                              110
                     fin |                              111 |                              111
---------------------------------------------------------------------------------------------------
INFO: [Synth 8-3354] encoded FSM with state register 'etat_present_reg' using encoding 'sequential' in module 'diviseur'
---------------------------------------------------------------------------------------------------
                   State |                     New Encoding |                Previous Encoding 
---------------------------------------------------------------------------------------------------
                    idle |                              001 |                               00
            process_bits |                              010 |                               01
                  finish |                              100 |                               10
---------------------------------------------------------------------------------------------------
INFO: [Synth 8-3354] encoded FSM with state register 'state_reg' using encoding 'one-hot' in module 'bin_to_bcd6'
---------------------------------------------------------------------------------
Finished RTL Optimization Phase 2 : Time (s): cpu = 00:00:10 ; elapsed = 00:00:10 . Memory (MB): peak = 1374.699 ; gain = 664.898
---------------------------------------------------------------------------------
---------------------------------------------------------------------------------
Start RTL Component Statistics 
---------------------------------------------------------------------------------
Detailed RTL Component Info : 
+---Adders : 
	   3 Input   38 Bit       Adders := 1     
	   4 Input   34 Bit       Adders := 1     
	   2 Input   32 Bit       Adders := 1     
	   3 Input   13 Bit       Adders := 1     
	   2 Input    6 Bit       Adders := 1     
	   2 Input    5 Bit       Adders := 2     
	   2 Input    4 Bit       Adders := 6     
+---Registers : 
	               60 Bit    Registers := 1     
	               38 Bit    Registers := 1     
	               34 Bit    Registers := 2     
	               32 Bit    Registers := 1     
	               27 Bit    Registers := 1     
	               18 Bit    Registers := 4     
	               13 Bit    Registers := 4     
	                8 Bit    Registers := 1     
	                6 Bit    Registers := 1     
	                5 Bit    Registers := 1     
	                4 Bit    Registers := 7     
	                1 Bit    Registers := 6     
+---Multipliers : 
	              21x34  Multipliers := 1     
+---Muxes : 
	   3 Input   60 Bit        Muxes := 1     
	   7 Input   38 Bit        Muxes := 1     
	   2 Input   18 Bit        Muxes := 1     
	   7 Input   18 Bit        Muxes := 1     
	   4 Input   13 Bit        Muxes := 1     
	   3 Input    6 Bit        Muxes := 1     
	   8 Input    5 Bit        Muxes := 1     
	   2 Input    4 Bit        Muxes := 7     
	   8 Input    3 Bit        Muxes := 1     
	   2 Input    3 Bit        Muxes := 2     
	   4 Input    2 Bit        Muxes := 1     
	   2 Input    2 Bit        Muxes := 4     
	   4 Input    1 Bit        Muxes := 1     
	   8 Input    1 Bit        Muxes := 2     
	   7 Input    1 Bit        Muxes := 3     
	   2 Input    1 Bit        Muxes := 4     
	   3 Input    1 Bit        Muxes := 4     
---------------------------------------------------------------------------------
Finished RTL Component Statistics 
---------------------------------------------------------------------------------
---------------------------------------------------------------------------------
Start Part Resource Summary
---------------------------------------------------------------------------------
Part Resources:
DSPs: 240 (col length:80)
BRAMs: 270 (col length: RAMB18 80 RAMB36 40)
---------------------------------------------------------------------------------
Finished Part Resource Summary
---------------------------------------------------------------------------------
---------------------------------------------------------------------------------
Start Cross Boundary and Area Optimization
---------------------------------------------------------------------------------
WARNING: [Synth 8-7080] Parallel synthesis criteria is not met
DSP Report: Generating DSP yk_10, operation Mode is: (A:0xf0a00)*B.
DSP Report: operator yk_10 is absorbed into DSP yk_10.
DSP Report: operator yk_10 is absorbed into DSP yk_10.
DSP Report: Generating DSP yk_10, operation Mode is: (PCIN>>17)+(A:0xf0a00)*B.
DSP Report: operator yk_10 is absorbed into DSP yk_10.
DSP Report: operator yk_10 is absorbed into DSP yk_10.
WARNING: [Synth 8-7129] Port temp in module frequencymeter is either unconnected or has no load
---------------------------------------------------------------------------------
Finished Cross Boundary and Area Optimization : Time (s): cpu = 00:00:12 ; elapsed = 00:00:12 . Memory (MB): peak = 1375.789 ; gain = 665.988
---------------------------------------------------------------------------------
 Sort Area is  yk_10_0 : 0 0 : 1227 2470 : Used 1 time 0
 Sort Area is  yk_10_0 : 0 1 : 1243 2470 : Used 1 time 0
---------------------------------------------------------------------------------
Start ROM, RAM, DSP, Shift Register and Retiming Reporting
---------------------------------------------------------------------------------

DSP: Preliminary Mapping Report (see note below. The ' indicates corresponding REG is set)
+-----------------+--------------------------+--------+--------+--------+--------+--------+------+------+------+------+-------+------+------+
|Module Name      | DSP Mapping              | A Size | B Size | C Size | D Size | P Size | AREG | BREG | CREG | DREG | ADREG | MREG | PREG | 
+-----------------+--------------------------+--------+--------+--------+--------+--------+------+------+------+------+-------+------+------+
|filtre_component | (A:0xf0a00)*B            | 21     | 18     | -      | -      | 48     | 0    | 0    | -    | -    | -     | 0    | 0    | 
|filtre_component | (PCIN>>17)+(A:0xf0a00)*B | 21     | 17     | -      | -      | 48     | 0    | 0    | -    | -    | -     | 0    | 0    | 
+-----------------+--------------------------+--------+--------+--------+--------+--------+------+------+------+------+-------+------+------+

Note: The table above is a preliminary report that shows the DSPs inferred at the current stage of the synthesis flow. Some DSP may be reimplemented as non DSP primitives later in the synthesis flow. Multiple instantiated DSPs are reported only once.
---------------------------------------------------------------------------------
Finished ROM, RAM, DSP, Shift Register and Retiming Reporting
---------------------------------------------------------------------------------
---------------------------------------------------------------------------------
Start Applying XDC Timing Constraints
---------------------------------------------------------------------------------
---------------------------------------------------------------------------------
Finished Applying XDC Timing Constraints : Time (s): cpu = 00:00:17 ; elapsed = 00:00:18 . Memory (MB): peak = 1561.574 ; gain = 851.773
---------------------------------------------------------------------------------
---------------------------------------------------------------------------------
Start Timing Optimization
---------------------------------------------------------------------------------
---------------------------------------------------------------------------------
Finished Timing Optimization : Time (s): cpu = 00:00:18 ; elapsed = 00:00:18 . Memory (MB): peak = 1572.594 ; gain = 862.793
---------------------------------------------------------------------------------
---------------------------------------------------------------------------------
Start Technology Mapping
---------------------------------------------------------------------------------
---------------------------------------------------------------------------------
Finished Technology Mapping : Time (s): cpu = 00:00:18 ; elapsed = 00:00:18 . Memory (MB): peak = 1582.641 ; gain = 872.840
---------------------------------------------------------------------------------
---------------------------------------------------------------------------------
Start IO Insertion
---------------------------------------------------------------------------------
---------------------------------------------------------------------------------
Start Flattening Before IO Insertion
---------------------------------------------------------------------------------
---------------------------------------------------------------------------------
Finished Flattening Before IO Insertion
---------------------------------------------------------------------------------
---------------------------------------------------------------------------------
Start Final Netlist Cleanup
---------------------------------------------------------------------------------
---------------------------------------------------------------------------------
Finished Final Netlist Cleanup
---------------------------------------------------------------------------------
---------------------------------------------------------------------------------
Finished IO Insertion : Time (s): cpu = 00:00:20 ; elapsed = 00:00:20 . Memory (MB): peak = 1809.434 ; gain = 1099.633
---------------------------------------------------------------------------------
---------------------------------------------------------------------------------
Start Renaming Generated Instances
---------------------------------------------------------------------------------
---------------------------------------------------------------------------------
Finished Renaming Generated Instances : Time (s): cpu = 00:00:20 ; elapsed = 00:00:20 . Memory (MB): peak = 1809.434 ; gain = 1099.633
---------------------------------------------------------------------------------
---------------------------------------------------------------------------------
Start Rebuilding User Hierarchy
---------------------------------------------------------------------------------
---------------------------------------------------------------------------------
Finished Rebuilding User Hierarchy : Time (s): cpu = 00:00:20 ; elapsed = 00:00:20 . Memory (MB): peak = 1809.434 ; gain = 1099.633
---------------------------------------------------------------------------------
---------------------------------------------------------------------------------
Start Renaming Generated Ports
---------------------------------------------------------------------------------
---------------------------------------------------------------------------------
Finished Renaming Generated Ports : Time (s): cpu = 00:00:20 ; elapsed = 00:00:20 . Memory (MB): peak = 1809.434 ; gain = 1099.633
---------------------------------------------------------------------------------
---------------------------------------------------------------------------------
Start Handling Custom Attributes
---------------------------------------------------------------------------------
---------------------------------------------------------------------------------
Finished Handling Custom Attributes : Time (s): cpu = 00:00:20 ; elapsed = 00:00:21 . Memory (MB): peak = 1809.434 ; gain = 1099.633
---------------------------------------------------------------------------------
---------------------------------------------------------------------------------
Start Renaming Generated Nets
---------------------------------------------------------------------------------
---------------------------------------------------------------------------------
Finished Renaming Generated Nets : Time (s): cpu = 00:00:20 ; elapsed = 00:00:21 . Memory (MB): peak = 1809.434 ; gain = 1099.633
---------------------------------------------------------------------------------
---------------------------------------------------------------------------------
Start Writing Synthesis Report
---------------------------------------------------------------------------------

DSP Final Report (the ' indicates corresponding REG is set)
+-----------------+-----------------+--------+--------+--------+--------+--------+------+------+------+------+-------+------+------+
|Module Name      | DSP Mapping     | A Size | B Size | C Size | D Size | P Size | AREG | BREG | CREG | DREG | ADREG | MREG | PREG | 
+-----------------+-----------------+--------+--------+--------+--------+--------+------+------+------+------+-------+------+------+
|filtre_component | A*B             | 20     | 17     | -      | -      | 48     | 0    | 0    | -    | -    | -     | 0    | 0    | 
|filtre_component | (PCIN>>17+A*B)' | 0      | 18     | -      | -      | 48     | 0    | 0    | -    | -    | -     | 0    | 1    | 
+-----------------+-----------------+--------+--------+--------+--------+--------+------+------+------+------+-------+------+------+


Report BlackBoxes: 
+------+--------------+----------+
|      |BlackBox name |Instances |
+------+--------------+----------+
|1     |xadc_wiz_0    |         1|
+------+--------------+----------+

Report Cell Usage: 
+------+----------------+------+
|      |Cell            |Count |
+------+----------------+------+
|1     |xadc_wiz_0_bbox |     1|
|2     |BUFG            |     1|
|3     |CARRY4          |    51|
|4     |DSP48E1         |     2|
|6     |LUT1            |    30|
|7     |LUT2            |   135|
|8     |LUT3            |    44|
|9     |LUT4            |    72|
|10    |LUT5            |   138|
|11    |LUT6            |    36|
|12    |FDCE            |   215|
|13    |FDPE            |    14|
|14    |FDRE            |   135|
|15    |LD              |    26|
|16    |IBUF            |     4|
|17    |OBUF            |    44|
+------+----------------+------+
---------------------------------------------------------------------------------
Finished Writing Synthesis Report : Time (s): cpu = 00:00:20 ; elapsed = 00:00:21 . Memory (MB): peak = 1809.434 ; gain = 1099.633
---------------------------------------------------------------------------------
Synthesis finished with 0 errors, 0 critical warnings and 4 warnings.
Synthesis Optimization Runtime : Time (s): cpu = 00:00:15 ; elapsed = 00:00:19 . Memory (MB): peak = 1809.434 ; gain = 1040.008
Synthesis Optimization Complete : Time (s): cpu = 00:00:21 ; elapsed = 00:00:21 . Memory (MB): peak = 1809.434 ; gain = 1099.633
INFO: [Project 1-571] Translating synthesized netlist
Netlist sorting complete. Time (s): cpu = 00:00:00 ; elapsed = 00:00:00.008 . Memory (MB): peak = 1818.617 ; gain = 0.000
INFO: [Netlist 29-17] Analyzing 79 Unisim elements for replacement
INFO: [Netlist 29-28] Unisim Transformation completed in 0 CPU seconds
INFO: [Project 1-570] Preparing netlist for logic optimization
INFO: [Opt 31-138] Pushed 1 inverter(s) to 13 load pin(s).
Netlist sorting complete. Time (s): cpu = 00:00:00 ; elapsed = 00:00:00 . Memory (MB): peak = 1822.293 ; gain = 0.000
INFO: [Project 1-111] Unisim Transformation Summary:
  A total of 26 instances were transformed.
  LD => LDCE: 13 instances
  LD => LDCE (inverted pins: G): 13 instances

Synth Design complete | Checksum: 2137a4b3
INFO: [Common 17-83] Releasing license: Synthesis
74 Infos, 24 Warnings, 0 Critical Warnings and 0 Errors encountered.
synth_design completed successfully
synth_design: Time (s): cpu = 00:00:23 ; elapsed = 00:00:28 . Memory (MB): peak = 1822.293 ; gain = 1313.355
Write ShapeDB Complete: Time (s): cpu = 00:00:00 ; elapsed = 00:00:00.001 . Memory (MB): peak = 1822.293 ; gain = 0.000
INFO: [Common 17-1381] The checkpoint 'D:/XADC_Filtre_certo/XADC_Filtre.runs/synth_1/XADC_Filtre.dcp' has been generated.
INFO: [Vivado 12-24828] Executing command : report_utilization -file XADC_Filtre_utilization_synth.rpt -pb XADC_Filtre_utilization_synth.pb
INFO: [Common 17-206] Exiting Vivado at Thu Jan 15 11:33:51 2026...
