Csrcscan starts
=============== Using vdb files for VHDL std libs ===========
INFO: VHDL library search path for library "std" is now "C:/Xilinx/2025.1/Vivado/data/precomp_hsv/vhdl/std" (VHDL-1505)
INFO: VHDL library search path for library "synopsys" is now "C:/Xilinx/2025.1/Vivado/data/precomp_hsv/vhdl/synopsys" (VHDL-1505)
INFO: VHDL library search path for library "ieee" is now "C:/Xilinx/2025.1/Vivado/data/precomp_hsv/vhdl/ieee" (VHDL-1505)
INFO: VHDL library search path for library "unimacro" is now "C:/Xilinx/2025.1/Vivado/data/precomp_hsv/vhdl/unimacro" (VHDL-1505)
INFO: VHDL library search path for library "unisim" is now "C:/Xilinx/2025.1/Vivado/data/precomp_hsv/vhdl/unisim" (VHDL-1505)
INFO: VHDL library search path for library "vl" is now "C:/Xilinx/2025.1/Vivado/data/precomp_hsv/vhdl/vl" (VHDL-1505)
INFO: VHDL library search path for library "xpm" is now "C:/Xilinx/2025.1/Vivado/data/precomp_hsv/vhdl/xpm" (VHDL-1505)
-- Analyzing VHDL file "D:/XADC_Filtre/XADC_Filtre.srcs/sources_1/new/Derivateur.vhd" into library xil_defaultlib (VHDL-9003)
INFO: analyzing entity 'Derivateur' (VHDL-1012)
INFO: analyzing architecture 'Behavioral' of entity 'derivateur' (VHDL-9006)
-- Analyzing VHDL file "D:/XADC_Filtre/XADC_Filtre.srcs/sources_1/new/Threshold.vhd" into library xil_defaultlib (VHDL-9003)
INFO: analyzing entity 'Threshold' (VHDL-1012)
INFO: analyzing architecture 'Behavioral' of entity 'threshold' (VHDL-9006)
-- Analyzing VHDL file "C:/temp/VivadoEditorAssist6398433573043407265.tmp" into library xil_defaultlib (VHDL-9003)
INFO: analyzing entity 'counter_periode' (VHDL-1012)
INFO: analyzing architecture 'Behavioral' of entity 'counter_periode' (VHDL-9006)
-- Analyzing VHDL file "C:/temp/VivadoEditorAssist2994315896794000857.tmp" into library xil_defaultlib (VHDL-9003)
INFO: analyzing entity 'diviseur' (VHDL-1012)
INFO: analyzing architecture 'Behavioral' of entity 'diviseur' (VHDL-9006)
-- Analyzing VHDL file "D:/XADC_Filtre/XADC_Filtre.srcs/sources_1/new/filtre.vhd" into library xil_defaultlib (VHDL-9003)
INFO: analyzing entity 'filtre_component' (VHDL-1012)
INFO: analyzing architecture 'Behavioral' of entity 'filtre_component' (VHDL-9006)
-- Analyzing VHDL file "C:/temp/VivadoEditorAssist12632388469817035947.tmp" into library xil_defaultlib (VHDL-9003)
INFO: analyzing entity 'frequencymeter' (VHDL-1012)
INFO: analyzing architecture 'Behavioral' of entity 'frequencymeter' (VHDL-9006)
-- Analyzing VHDL file "C:/temp/VivadoEditorAssist953248406489342316.tmp" into library xil_defaultlib (VHDL-9003)
INFO: analyzing entity 'tempo_diviser' (VHDL-1012)
INFO: analyzing architecture 'Behavioral' of entity 'tempo_diviser' (VHDL-9006)
-- Analyzing VHDL file "C:/temp/VivadoEditorAssist2594122062719844861.tmp" into library xil_defaultlib (VHDL-9003)
INFO: analyzing entity 'XADC_Filtre' (VHDL-1012)
INFO: analyzing architecture 'Behavioral' of entity 'xadc_filtre' (VHDL-9006)
-- Analyzing VHDL file "C:/temp/VivadoEditorAssist842439879463865451.tmp" into library xil_defaultlib (VHDL-9003)
INFO: analyzing entity 'module_daffichage' (VHDL-1012)
INFO: analyzing architecture 'struct' of entity 'module_daffichage' (VHDL-9006)
-- Analyzing VHDL file "D:/XADC_Filtre/XADC_Filtre.srcs/sources_1/new/aiguilleur_de_donnes.vhd" into library xil_defaultlib (VHDL-9003)
INFO: analyzing entity 'aiguilleur_de_donnees' (VHDL-1012)
INFO: analyzing architecture 'Behavioral' of entity 'aiguilleur_de_donnees' (VHDL-9006)
-- Analyzing VHDL file "C:/temp/VivadoEditorAssist1615851550302368680.tmp" into library xil_defaultlib (VHDL-9003)
INFO: analyzing entity 'generateur_a' (VHDL-1012)
INFO: analyzing architecture 'struct' of entity 'generateur_a' (VHDL-9006)
-- Analyzing VHDL file "D:/XADC_Filtre/XADC_Filtre.srcs/sources_1/new/decodeur.vhd" into library xil_defaultlib (VHDL-9003)
INFO: analyzing entity 'decodeur' (VHDL-1012)
INFO: analyzing architecture 'Behavioral' of entity 'decodeur' (VHDL-9006)
-- Analyzing VHDL file "D:/XADC_Filtre/XADC_Filtre.srcs/sources_1/new/compteur_an.vhd" into library xil_defaultlib (VHDL-9003)
INFO: analyzing entity 'compteur_an' (VHDL-1012)
INFO: analyzing architecture 'Behavioral' of entity 'compteur_an' (VHDL-9006)
-- Analyzing VHDL file "D:/XADC_Filtre/XADC_Filtre.srcs/sources_1/new/tempo2.vhd" into library xil_defaultlib (VHDL-9003)
-- Analyzing VHDL file "D:/XADC_Filtre/XADC_Filtre.srcs/sources_1/new/tempo3.vhd" into library xil_defaultlib (VHDL-9003)
INFO: analyzing entity 'tempo3' (VHDL-1012)
INFO: analyzing architecture 'Behavioral' of entity 'tempo3' (VHDL-9006)
-- Analyzing VHDL file "C:/temp/VivadoEditorAssist2959216865333951449.tmp" into library xil_defaultlib (VHDL-9003)
INFO: analyzing entity 'bin_to_bcd6' (VHDL-1012)
INFO: analyzing architecture 'Behavioral' of entity 'bin_to_bcd6' (VHDL-9006)
srcscan exits with return value 0
