Copyright 1986-2022 Xilinx, Inc. All Rights Reserved. Copyright 2022-2025 Advanced Micro Devices, Inc. All Rights Reserved.
-----------------------------------------------------------------------------------------------------------------------------------------------------------------------
| Tool Version : Vivado v.2025.1 (win64) Build 6140274 Thu May 22 00:12:29 MDT 2025
| Date         : Thu Jan 15 11:34:56 2026
| Host         : n7-b301-10 running 64-bit major release  (build 9200)
| Command      : report_methodology -file XADC_Filtre_methodology_drc_routed.rpt -pb XADC_Filtre_methodology_drc_routed.pb -rpx XADC_Filtre_methodology_drc_routed.rpx
| Design       : XADC_Filtre
| Device       : xc7a100tcsg324-3
| Speed File   : -3
| Design State : Fully Routed
-----------------------------------------------------------------------------------------------------------------------------------------------------------------------

Report Methodology

Table of Contents
-----------------
1. REPORT SUMMARY
2. REPORT DETAILS

1. REPORT SUMMARY
-----------------
            Netlist: netlist
          Floorplan: design_1
      Design limits: <entire design considered>
             Max checks: <unlimited>
             Checks found: 59
+-----------+----------+--------------------------------+--------+
| Rule      | Severity | Description                    | Checks |
+-----------+----------+--------------------------------+--------+
| TIMING-18 | Warning  | Missing input or output delay  | 32     |
| TIMING-20 | Warning  | Non-clocked latch              | 26     |
| LATCH-1   | Advisory | Existing latches in the design | 1      |
+-----------+----------+--------------------------------+--------+

2. REPORT DETAILS
-----------------
TIMING-18#1 Warning
Missing input or output delay  
An input delay is missing on rst relative to the rising and/or falling clock edge(s) of sys_clk_pin.
Related violations: <none>

TIMING-18#2 Warning
Missing input or output delay  
An output delay is missing on AN[0] relative to the rising and/or falling clock edge(s) of sys_clk_pin.
Related violations: <none>

TIMING-18#3 Warning
Missing input or output delay  
An output delay is missing on AN[1] relative to the rising and/or falling clock edge(s) of sys_clk_pin.
Related violations: <none>

TIMING-18#4 Warning
Missing input or output delay  
An output delay is missing on AN[2] relative to the rising and/or falling clock edge(s) of sys_clk_pin.
Related violations: <none>

TIMING-18#5 Warning
Missing input or output delay  
An output delay is missing on AN[3] relative to the rising and/or falling clock edge(s) of sys_clk_pin.
Related violations: <none>

TIMING-18#6 Warning
Missing input or output delay  
An output delay is missing on AN[4] relative to the rising and/or falling clock edge(s) of sys_clk_pin.
Related violations: <none>

TIMING-18#7 Warning
Missing input or output delay  
An output delay is missing on AN[5] relative to the rising and/or falling clock edge(s) of sys_clk_pin.
Related violations: <none>

TIMING-18#8 Warning
Missing input or output delay  
An output delay is missing on AN[6] relative to the rising and/or falling clock edge(s) of sys_clk_pin.
Related violations: <none>

TIMING-18#9 Warning
Missing input or output delay  
An output delay is missing on AN[7] relative to the rising and/or falling clock edge(s) of sys_clk_pin.
Related violations: <none>

TIMING-18#10 Warning
Missing input or output delay  
An output delay is missing on dp_out relative to the rising and/or falling clock edge(s) of sys_clk_pin.
Related violations: <none>

TIMING-18#11 Warning
Missing input or output delay  
An output delay is missing on filter_out[0] relative to the rising and/or falling clock edge(s) of sys_clk_pin.
Related violations: <none>

TIMING-18#12 Warning
Missing input or output delay  
An output delay is missing on filter_out[10] relative to the rising and/or falling clock edge(s) of sys_clk_pin.
Related violations: <none>

TIMING-18#13 Warning
Missing input or output delay  
An output delay is missing on filter_out[11] relative to the rising and/or falling clock edge(s) of sys_clk_pin.
Related violations: <none>

TIMING-18#14 Warning
Missing input or output delay  
An output delay is missing on filter_out[12] relative to the rising and/or falling clock edge(s) of sys_clk_pin.
Related violations: <none>

TIMING-18#15 Warning
Missing input or output delay  
An output delay is missing on filter_out[1] relative to the rising and/or falling clock edge(s) of sys_clk_pin.
Related violations: <none>

TIMING-18#16 Warning
Missing input or output delay  
An output delay is missing on filter_out[2] relative to the rising and/or falling clock edge(s) of sys_clk_pin.
Related violations: <none>

TIMING-18#17 Warning
Missing input or output delay  
An output delay is missing on filter_out[3] relative to the rising and/or falling clock edge(s) of sys_clk_pin.
Related violations: <none>

TIMING-18#18 Warning
Missing input or output delay  
An output delay is missing on filter_out[4] relative to the rising and/or falling clock edge(s) of sys_clk_pin.
Related violations: <none>

TIMING-18#19 Warning
Missing input or output delay  
An output delay is missing on filter_out[5] relative to the rising and/or falling clock edge(s) of sys_clk_pin.
Related violations: <none>

TIMING-18#20 Warning
Missing input or output delay  
An output delay is missing on filter_out[6] relative to the rising and/or falling clock edge(s) of sys_clk_pin.
Related violations: <none>

TIMING-18#21 Warning
Missing input or output delay  
An output delay is missing on filter_out[7] relative to the rising and/or falling clock edge(s) of sys_clk_pin.
Related violations: <none>

TIMING-18#22 Warning
Missing input or output delay  
An output delay is missing on filter_out[8] relative to the rising and/or falling clock edge(s) of sys_clk_pin.
Related violations: <none>

TIMING-18#23 Warning
Missing input or output delay  
An output delay is missing on filter_out[9] relative to the rising and/or falling clock edge(s) of sys_clk_pin.
Related violations: <none>

TIMING-18#24 Warning
Missing input or output delay  
An output delay is missing on segments_out[0] relative to the rising and/or falling clock edge(s) of sys_clk_pin.
Related violations: <none>

TIMING-18#25 Warning
Missing input or output delay  
An output delay is missing on segments_out[1] relative to the rising and/or falling clock edge(s) of sys_clk_pin.
Related violations: <none>

TIMING-18#26 Warning
Missing input or output delay  
An output delay is missing on segments_out[2] relative to the rising and/or falling clock edge(s) of sys_clk_pin.
Related violations: <none>

TIMING-18#27 Warning
Missing input or output delay  
An output delay is missing on segments_out[3] relative to the rising and/or falling clock edge(s) of sys_clk_pin.
Related violations: <none>

TIMING-18#28 Warning
Missing input or output delay  
An output delay is missing on segments_out[4] relative to the rising and/or falling clock edge(s) of sys_clk_pin.
Related violations: <none>

TIMING-18#29 Warning
Missing input or output delay  
An output delay is missing on segments_out[5] relative to the rising and/or falling clock edge(s) of sys_clk_pin.
Related violations: <none>

TIMING-18#30 Warning
Missing input or output delay  
An output delay is missing on segments_out[6] relative to the rising and/or falling clock edge(s) of sys_clk_pin.
Related violations: <none>

TIMING-18#31 Warning
Missing input or output delay  
An output delay is missing on temp relative to the rising and/or falling clock edge(s) of sys_clk_pin.
Related violations: <none>

TIMING-18#32 Warning
Missing input or output delay  
An output delay is missing on threshold_sortie relative to the rising and/or falling clock edge(s) of sys_clk_pin.
Related violations: <none>

TIMING-20#1 Warning
Non-clocked latch  
The latch Frequ/counter_periode1/sauv_counter_reg[0] cannot be properly analyzed as its control pin Frequ/counter_periode1/sauv_counter_reg[0]/G is not reached by a timing clock
Related violations: <none>

TIMING-20#2 Warning
Non-clocked latch  
The latch Frequ/counter_periode1/sauv_counter_reg[10] cannot be properly analyzed as its control pin Frequ/counter_periode1/sauv_counter_reg[10]/G is not reached by a timing clock
Related violations: <none>

TIMING-20#3 Warning
Non-clocked latch  
The latch Frequ/counter_periode1/sauv_counter_reg[11] cannot be properly analyzed as its control pin Frequ/counter_periode1/sauv_counter_reg[11]/G is not reached by a timing clock
Related violations: <none>

TIMING-20#4 Warning
Non-clocked latch  
The latch Frequ/counter_periode1/sauv_counter_reg[12] cannot be properly analyzed as its control pin Frequ/counter_periode1/sauv_counter_reg[12]/G is not reached by a timing clock
Related violations: <none>

TIMING-20#5 Warning
Non-clocked latch  
The latch Frequ/counter_periode1/sauv_counter_reg[1] cannot be properly analyzed as its control pin Frequ/counter_periode1/sauv_counter_reg[1]/G is not reached by a timing clock
Related violations: <none>

TIMING-20#6 Warning
Non-clocked latch  
The latch Frequ/counter_periode1/sauv_counter_reg[2] cannot be properly analyzed as its control pin Frequ/counter_periode1/sauv_counter_reg[2]/G is not reached by a timing clock
Related violations: <none>

TIMING-20#7 Warning
Non-clocked latch  
The latch Frequ/counter_periode1/sauv_counter_reg[3] cannot be properly analyzed as its control pin Frequ/counter_periode1/sauv_counter_reg[3]/G is not reached by a timing clock
Related violations: <none>

TIMING-20#8 Warning
Non-clocked latch  
The latch Frequ/counter_periode1/sauv_counter_reg[4] cannot be properly analyzed as its control pin Frequ/counter_periode1/sauv_counter_reg[4]/G is not reached by a timing clock
Related violations: <none>

TIMING-20#9 Warning
Non-clocked latch  
The latch Frequ/counter_periode1/sauv_counter_reg[5] cannot be properly analyzed as its control pin Frequ/counter_periode1/sauv_counter_reg[5]/G is not reached by a timing clock
Related violations: <none>

TIMING-20#10 Warning
Non-clocked latch  
The latch Frequ/counter_periode1/sauv_counter_reg[6] cannot be properly analyzed as its control pin Frequ/counter_periode1/sauv_counter_reg[6]/G is not reached by a timing clock
Related violations: <none>

TIMING-20#11 Warning
Non-clocked latch  
The latch Frequ/counter_periode1/sauv_counter_reg[7] cannot be properly analyzed as its control pin Frequ/counter_periode1/sauv_counter_reg[7]/G is not reached by a timing clock
Related violations: <none>

TIMING-20#12 Warning
Non-clocked latch  
The latch Frequ/counter_periode1/sauv_counter_reg[8] cannot be properly analyzed as its control pin Frequ/counter_periode1/sauv_counter_reg[8]/G is not reached by a timing clock
Related violations: <none>

TIMING-20#13 Warning
Non-clocked latch  
The latch Frequ/counter_periode1/sauv_counter_reg[9] cannot be properly analyzed as its control pin Frequ/counter_periode1/sauv_counter_reg[9]/G is not reached by a timing clock
Related violations: <none>

TIMING-20#14 Warning
Non-clocked latch  
The latch Frequ/counter_periode1/sortie_reg[0] cannot be properly analyzed as its control pin Frequ/counter_periode1/sortie_reg[0]/G is not reached by a timing clock
Related violations: <none>

TIMING-20#15 Warning
Non-clocked latch  
The latch Frequ/counter_periode1/sortie_reg[10] cannot be properly analyzed as its control pin Frequ/counter_periode1/sortie_reg[10]/G is not reached by a timing clock
Related violations: <none>

TIMING-20#16 Warning
Non-clocked latch  
The latch Frequ/counter_periode1/sortie_reg[11] cannot be properly analyzed as its control pin Frequ/counter_periode1/sortie_reg[11]/G is not reached by a timing clock
Related violations: <none>

TIMING-20#17 Warning
Non-clocked latch  
The latch Frequ/counter_periode1/sortie_reg[12] cannot be properly analyzed as its control pin Frequ/counter_periode1/sortie_reg[12]/G is not reached by a timing clock
Related violations: <none>

TIMING-20#18 Warning
Non-clocked latch  
The latch Frequ/counter_periode1/sortie_reg[1] cannot be properly analyzed as its control pin Frequ/counter_periode1/sortie_reg[1]/G is not reached by a timing clock
Related violations: <none>

TIMING-20#19 Warning
Non-clocked latch  
The latch Frequ/counter_periode1/sortie_reg[2] cannot be properly analyzed as its control pin Frequ/counter_periode1/sortie_reg[2]/G is not reached by a timing clock
Related violations: <none>

TIMING-20#20 Warning
Non-clocked latch  
The latch Frequ/counter_periode1/sortie_reg[3] cannot be properly analyzed as its control pin Frequ/counter_periode1/sortie_reg[3]/G is not reached by a timing clock
Related violations: <none>

TIMING-20#21 Warning
Non-clocked latch  
The latch Frequ/counter_periode1/sortie_reg[4] cannot be properly analyzed as its control pin Frequ/counter_periode1/sortie_reg[4]/G is not reached by a timing clock
Related violations: <none>

TIMING-20#22 Warning
Non-clocked latch  
The latch Frequ/counter_periode1/sortie_reg[5] cannot be properly analyzed as its control pin Frequ/counter_periode1/sortie_reg[5]/G is not reached by a timing clock
Related violations: <none>

TIMING-20#23 Warning
Non-clocked latch  
The latch Frequ/counter_periode1/sortie_reg[6] cannot be properly analyzed as its control pin Frequ/counter_periode1/sortie_reg[6]/G is not reached by a timing clock
Related violations: <none>

TIMING-20#24 Warning
Non-clocked latch  
The latch Frequ/counter_periode1/sortie_reg[7] cannot be properly analyzed as its control pin Frequ/counter_periode1/sortie_reg[7]/G is not reached by a timing clock
Related violations: <none>

TIMING-20#25 Warning
Non-clocked latch  
The latch Frequ/counter_periode1/sortie_reg[8] cannot be properly analyzed as its control pin Frequ/counter_periode1/sortie_reg[8]/G is not reached by a timing clock
Related violations: <none>

TIMING-20#26 Warning
Non-clocked latch  
The latch Frequ/counter_periode1/sortie_reg[9] cannot be properly analyzed as its control pin Frequ/counter_periode1/sortie_reg[9]/G is not reached by a timing clock
Related violations: <none>

LATCH-1#1 Advisory
Existing latches in the design  
There are 26 latches found in the design. Inferred latches are often the result of HDL coding mistakes, such as incomplete if or case statements.
Related violations: <none>


